  Converter.cpp
C:\Users\pakhe\Desktop\D3D__PROJECT-578e4810b014f797ecc038da9add697342ef550a (2)\D3D__PROJECT-578e4810b014f797ecc038da9add697342ef550a\D3D\AssimpTool\Converter.cpp(96,48): warning C4267: '인수': 'size_t'에서 'int32'(으)로 변환하면서 데이터가 손실될 수 있습니다.
C:\Users\pakhe\Desktop\D3D__PROJECT-578e4810b014f797ecc038da9add697342ef550a (2)\D3D__PROJECT-578e4810b014f797ecc038da9add697342ef550a\D3D\AssimpTool\Converter.cpp(120,49): warning C4267: '초기화 중': 'size_t'에서 'uint32'(으)로 변환하면서 데이터가 손실될 수 있습니다.
C:\Users\pakhe\Desktop\D3D__PROJECT-578e4810b014f797ecc038da9add697342ef550a (2)\D3D__PROJECT-578e4810b014f797ecc038da9add697342ef550a\D3D\AssimpTool\Converter.cpp(120,28): warning C4267: '초기화 중': 'size_t'에서 'const uint32'(으)로 변환하면서 데이터가 손실될 수 있습니다.
C:\Users\pakhe\Desktop\D3D__PROJECT-578e4810b014f797ecc038da9add697342ef550a (2)\D3D__PROJECT-578e4810b014f797ecc038da9add697342ef550a\D3D\AssimpTool\Converter.cpp(183,13): warning C4267: '초기화 중': 'size_t'에서 'int'(으)로 변환하면서 데이터가 손실될 수 있습니다.
C:\Users\pakhe\Desktop\D3D__PROJECT-578e4810b014f797ecc038da9add697342ef550a (2)\D3D__PROJECT-578e4810b014f797ecc038da9add697342ef550a\D3D\AssimpTool\Converter.cpp(207,13): warning C4267: '초기화 중': 'size_t'에서 'int'(으)로 변환하면서 데이터가 손실될 수 있습니다.
C:\Users\pakhe\Desktop\D3D__PROJECT-578e4810b014f797ecc038da9add697342ef550a (2)\D3D__PROJECT-578e4810b014f797ecc038da9add697342ef550a\D3D\AssimpTool\Converter.cpp(257,16): warning C4267: '초기화 중': 'size_t'에서 'uint32'(으)로 변환하면서 데이터가 손실될 수 있습니다.
C:\Users\pakhe\Desktop\D3D__PROJECT-578e4810b014f797ecc038da9add697342ef550a (2)\D3D__PROJECT-578e4810b014f797ecc038da9add697342ef550a\D3D\AssimpTool\Converter.cpp(260,23): warning C4018: '<': signed 또는 unsigned가 일치하지 않습니다.
  FileUtils.cpp
  main.cpp
  pch.cpp
  SimpleMath.cpp
  tinyxml2.cpp
  Utils.cpp
C:\Program Files\Microsoft Visual Studio\2022\Community\VC\Tools\MSVC\14.37.32822\include\xstring(2728,53): warning C4244: '인수': 'wchar_t'에서 'const _Elem'(으)로 변환하면서 데이터가 손실될 수 있습니다.
          with
          [
              _Elem=char
          ]
C:\Program Files\Microsoft Visual Studio\2022\Community\VC\Tools\MSVC\14.37.32822\include\xstring(2584,17): message : 컴파일되는 함수 템플릿 인스턴스화 'void std::basic_string<char,std::char_traits<char>,std::allocator<char>>::_Construct_from_iter<wchar_t*,wchar_t*,_Size_type>(_Iter,const _Sent,_Size)'에 대한 참조를 확인하세요.
          with
          [
              _Size_type=unsigned __int64,
              _Iter=wchar_t *,
              _Sent=wchar_t *,
              _Size=unsigned __int64
          ]
C:\Users\pakhe\Desktop\D3D__PROJECT-578e4810b014f797ecc038da9add697342ef550a (2)\D3D__PROJECT-578e4810b014f797ecc038da9add697342ef550a\D3D\AssimpTool\Utils.cpp(57,15): message : 컴파일되는 함수 템플릿 인스턴스화 'std::basic_string<char,std::char_traits<char>,std::allocator<char>>::basic_string<std::_String_iterator<std::_String_val<std::_Simple_types<_Elem>>>,0>(_Iter,_Iter,const _Alloc &)'에 대한 참조를 확인하세요.
          with
          [
              _Elem=wchar_t,
              _Iter=std::_String_iterator<std::_String_val<std::_Simple_types<wchar_t>>>,
              _Alloc=std::allocator<char>
          ]
C:\Users\pakhe\Desktop\D3D__PROJECT-578e4810b014f797ecc038da9add697342ef550a (2)\D3D__PROJECT-578e4810b014f797ecc038da9add697342ef550a\D3D\AssimpTool\Utils.cpp(57,2): message : 'Utils::ToString'에서 'std::basic_string<char,std::char_traits<char>,std::allocator<char>>::basic_string'에 대한 첫 번째 참조를 확인하세요.
  코드를 생성하고 있습니다...
  LINK : C:\Users\pakhe\Desktop\D3D__PROJECT-578e4810b014f797ecc038da9add697342ef550a (2)\D3D__PROJECT-578e4810b014f797ecc038da9add697342ef550a\D3D\x64\Debug\AssimpTool.exe을(를) 찾을 수 없거나 마지막 증분 링크에 의해 빌드되지 않았습니다. 전체 링크를 수행하고 있습니다.
  AssimpTool.vcxproj -> C:\Users\pakhe\Desktop\D3D__PROJECT-578e4810b014f797ecc038da9add697342ef550a (2)\D3D__PROJECT-578e4810b014f797ecc038da9add697342ef550a\D3D\x64\Debug\AssimpTool.exe
